<?xml version="1.0" encoding="UTF-8"?>
<!-- Generated by org.testng.reporters.JUnitXMLReporter -->
<testsuite ignored="3" hostname="LAPTOP-K0BNVMLE" failures="1" tests="2" name="Default test(failed)" time="1.151" errors="0" timestamp="2022-11-16T13:35:15 IST">
  <testcase classname="testNGStudy.KeywordStudy" name="D" time="1.023">
    <failure type="org.testng.internal.thread.ThreadTimeoutException" message="Method testNGStudy.KeywordStudy.D() didn&amp;apos;t finish within the time-out 1000">
      <![CDATA[org.testng.internal.thread.ThreadTimeoutException: Method testNGStudy.KeywordStudy.D() didn't finish within the time-out 1000
at java.base/java.util.ArrayList.forEach(ArrayList.java:1511)
... Removed 24 stack frames]]>
    </failure>
  </testcase> <!-- D -->
  <testcase classname="testNGStudy.KeywordStudy" name="E" time="0.0">
    <skipped/>
  </testcase> <!-- E -->
  <testcase classname="testNGStudy.KeywordStudy" name="C" time="0.0">
    <ignored/>
  </testcase> <!-- C -->
  <testcase classname="testNGStudy.KeywordStudy" name="A" time="0.0">
    <ignored/>
  </testcase> <!-- A -->
  <testcase classname="testNGStudy.KeywordStudy" name="B" time="0.0">
    <ignored/>
  </testcase> <!-- B -->
</testsuite> <!-- Default test(failed) -->
