<?xml version="1.0" encoding="UTF-8"?>
<!-- Generated by org.testng.reporters.JUnitXMLReporter -->
<testsuite ignored="0" hostname="LAPTOP-K0BNVMLE" failures="0" tests="5" name="Test" time="0.129" errors="0" timestamp="2022-11-16T14:25:31 IST">
  <testcase classname="testNGStudy.Grouping" name="A" time="0.013"/>
  <testcase classname="testNGStudy.Grouping" name="B" time="0.001"/>
  <testcase classname="testNGStudy.Grouping" name="C" time="0.001"/>
  <testcase classname="testNGStudy.Grouping" name="D" time="0.001"/>
  <testcase classname="testNGStudy.Grouping" name="E" time="0.001"/>
</testsuite> <!-- Test -->
