<?xml version="1.0" encoding="UTF-8"?>
<testng-results ignored="0" total="1" passed="1" failed="0" skipped="0">
  <reporter-output>
  </reporter-output>
  <suite started-at="2022-11-16T22:23:45 IST" name="Default suite" finished-at="2022-11-16T22:23:56 IST" duration-ms="10696">
    <groups>
    </groups>
    <test started-at="2022-11-16T22:23:45 IST" name="Default test" finished-at="2022-11-16T22:23:56 IST" duration-ms="10696">
      <class name="verificationUsingTestNG.MyTestCase">
        <test-method signature="verufycheckbox()[pri:0, instance:verificationUsingTestNG.MyTestCase@5d0a1059]" started-at="2022-11-16T22:23:45 IST" name="verufycheckbox" finished-at="2022-11-16T22:23:56 IST" duration-ms="10623" status="PASS">
          <reporter-output>
          </reporter-output>
        </test-method> <!-- verufycheckbox -->
      </class> <!-- verificationUsingTestNG.MyTestCase -->
    </test> <!-- Default test -->
  </suite> <!-- Default suite -->
</testng-results>
